# JRE version: OpenJDK Runtime Environment Temurin-17.0.4+8 (17.0.4+8) (build 17.0.4+8)
# Java VM: OpenJDK 64-Bit Server VM Temurin-17.0.4+8 (17.0.4+8, mixed mode, tiered, compressed oops, compressed class ptrs, g1 gc, linux-amd64)
GC Precious Log:
 CPUs: 8 total, 4 available
 Memory: 7855M
 Large Page Support: Disabled
 NUMA Support: Disabled
 Compressed Oops: Enabled (32-bit)
 Heap Region Size: 1M
 Heap Min Capacity: 8M
 Heap Initial Capacity: 124M
 Heap Max Capacity: 1G
 Pre-touch: Disabled
 Parallel Workers: 4
 Concurrent Workers: 1
 Concurrent Refinement Workers: 4
 Periodic GC: Disabled
Heap:
 garbage-first heap   total 486400K, used 317876K [0x00000000c0000000, 0x0000000100000000)
  region size 1024K, 113 young (115712K), 6 survivors (6144K)
 Metaspace       used 117730K, committed 120064K, reserved 1163264K
  class space    used 13095K, committed 14016K, reserved 1048576K
GC Heap History (20 events):
Event: 7690.161 GC heap before
{Heap before GC invocations=348 (full 0):
 garbage-first heap   total 486400K, used 419448K [0x00000000c0000000, 0x0000000100000000)
  region size 1024K, 212 young (217088K), 8 survivors (8192K)
 Metaspace       used 117402K, committed 119744K, reserved 1163264K
  class space    used 13092K, committed 14016K, reserved 1048576K
}
Event: 7690.169 GC heap after
{Heap after GC invocations=349 (full 0):
 garbage-first heap   total 486400K, used 208826K [0x00000000c0000000, 0x0000000100000000)
  region size 1024K, 6 young (6144K), 6 survivors (6144K)
 Metaspace       used 117402K, committed 119744K, reserved 1163264K
  class space    used 13092K, committed 14016K, reserved 1048576K
}
Event: 7730.502 GC heap before
{Heap before GC invocations=349 (full 0):
 garbage-first heap   total 486400K, used 420794K [0x00000000c0000000, 0x0000000100000000)
  region size 1024K, 213 young (218112K), 6 survivors (6144K)
 Metaspace       used 117439K, committed 119872K, reserved 1163264K
  class space    used 13092K, committed 14016K, reserved 1048576K
}
Event: 7730.514 GC heap after
{Heap after GC invocations=350 (full 0):
 garbage-first heap   total 486400K, used 206728K [0x00000000c0000000, 0x0000000100000000)
  region size 1024K, 3 young (3072K), 3 survivors (3072K)
 Metaspace       used 117439K, committed 119872K, reserved 1163264K
  class space    used 13092K, committed 14016K, reserved 1048576K
}
Event: 7750.580 GC heap before
{Heap before GC invocations=350 (full 0):
 garbage-first heap   total 486400K, used 423816K [0x00000000c0000000, 0x0000000100000000)
  region size 1024K, 215 young (220160K), 3 survivors (3072K)
 Metaspace       used 117455K, committed 119872K, reserved 1163264K
  class space    used 13092K, committed 14016K, reserved 1048576K
}
Event: 7750.591 GC heap after
{Heap after GC invocations=351 (full 0):
 garbage-first heap   total 486400K, used 210632K [0x00000000c0000000, 0x0000000100000000)
  region size 1024K, 7 young (7168K), 7 survivors (7168K)
 Metaspace       used 117455K, committed 119872K, reserved 1163264K
  class space    used 13092K, committed 14016K, reserved 1048576K
}
Event: 7775.691 GC heap before
{Heap before GC invocations=351 (full 0):
 garbage-first heap   total 486400K, used 422600K [0x00000000c0000000, 0x0000000100000000)
  region size 1024K, 214 young (219136K), 7 survivors (7168K)
 Metaspace       used 117462K, committed 119872K, reserved 1163264K
  class space    used 13092K, committed 14016K, reserved 1048576K
}
Event: 7775.700 GC heap after
{Heap after GC invocations=352 (full 0):
 garbage-first heap   total 486400K, used 209722K [0x00000000c0000000, 0x0000000100000000)
  region size 1024K, 6 young (6144K), 6 survivors (6144K)
 Metaspace       used 117462K, committed 119872K, reserved 1163264K
  class space    used 13092K, committed 14016K, reserved 1048576K
}
Event: 7809.379 GC heap before
{Heap before GC invocations=352 (full 0):
 garbage-first heap   total 486400K, used 422714K [0x00000000c0000000, 0x0000000100000000)
  region size 1024K, 214 young (219136K), 6 survivors (6144K)
 Metaspace       used 117483K, committed 119872K, reserved 1163264K
  class space    used 13092K, committed 14016K, reserved 1048576K
}
Event: 7809.386 GC heap after
{Heap after GC invocations=353 (full 0):
 garbage-first heap   total 486400K, used 207895K [0x00000000c0000000, 0x0000000100000000)
  region size 1024K, 4 young (4096K), 4 survivors (4096K)
 Metaspace       used 117483K, committed 119872K, reserved 1163264K
  class space    used 13092K, committed 14016K, reserved 1048576K
}
Event: 7885.828 GC heap before
{Heap before GC invocations=353 (full 0):
 garbage-first heap   total 486400K, used 422935K [0x00000000c0000000, 0x0000000100000000)
  region size 1024K, 214 young (219136K), 4 survivors (4096K)
 Metaspace       used 117518K, committed 119872K, reserved 1163264K
  class space    used 13092K, committed 14016K, reserved 1048576K
}
Event: 7885.840 GC heap after
{Heap after GC invocations=354 (full 0):
 garbage-first heap   total 486400K, used 209959K [0x00000000c0000000, 0x0000000100000000)
  region size 1024K, 6 young (6144K), 6 survivors (6144K)
 Metaspace       used 117518K, committed 119872K, reserved 1163264K
  class space    used 13092K, committed 14016K, reserved 1048576K
}
Event: 7972.145 GC heap before
{Heap before GC invocations=354 (full 0):
 garbage-first heap   total 486400K, used 421927K [0x00000000c0000000, 0x0000000100000000)
  region size 1024K, 213 young (218112K), 6 survivors (6144K)
 Metaspace       used 117559K, committed 119936K, reserved 1163264K
  class space    used 13092K, committed 14016K, reserved 1048576K
}
Event: 7972.158 GC heap after
{Heap after GC invocations=355 (full 0):
 garbage-first heap   total 486400K, used 209966K [0x00000000c0000000, 0x0000000100000000)
  region size 1024K, 6 young (6144K), 6 survivors (6144K)
 Metaspace       used 117559K, committed 119936K, reserved 1163264K
  class space    used 13092K, committed 14016K, reserved 1048576K
}
Event: 8221.108 GC heap before
{Heap before GC invocations=355 (full 0):
 garbage-first heap   total 486400K, used 422957K [0x00000000c0000000, 0x0000000100000000)
  region size 1024K, 215 young (220160K), 6 survivors (6144K)
 Metaspace       used 117628K, committed 119936K, reserved 1163264K
  class space    used 13092K, committed 14016K, reserved 1048576K
}
Event: 8221.124 GC heap after
{Heap after GC invocations=356 (full 0):
 garbage-first heap   total 486400K, used 210268K [0x00000000c0000000, 0x0000000100000000)
  region size 1024K, 7 young (7168K), 7 survivors (7168K)
 Metaspace       used 117628K, committed 119936K, reserved 1163264K
  class space    used 13092K, committed 14016K, reserved 1048576K
}
Event: 8294.423 GC heap before
{Heap before GC invocations=356 (full 0):
 garbage-first heap   total 486400K, used 424284K [0x00000000c0000000, 0x0000000100000000)
  region size 1024K, 216 young (221184K), 7 survivors (7168K)
 Metaspace       used 117685K, committed 120000K, reserved 1163264K
  class space    used 13095K, committed 14016K, reserved 1048576K
}
Event: 8294.429 GC heap after
{Heap after GC invocations=357 (full 0):
 garbage-first heap   total 486400K, used 206922K [0x00000000c0000000, 0x0000000100000000)
  region size 1024K, 3 young (3072K), 3 survivors (3072K)
 Metaspace       used 117685K, committed 120000K, reserved 1163264K
  class space    used 13095K, committed 14016K, reserved 1048576K
}
Event: 8345.333 GC heap before
{Heap before GC invocations=357 (full 0):
 garbage-first heap   total 486400K, used 426058K [0x00000000c0000000, 0x0000000100000000)
  region size 1024K, 217 young (222208K), 3 survivors (3072K)
 Metaspace       used 117723K, committed 120000K, reserved 1163264K
  class space    used 13095K, committed 14016K, reserved 1048576K
}
Event: 8345.343 GC heap after
{Heap after GC invocations=358 (full 0):
 garbage-first heap   total 486400K, used 209332K [0x00000000c0000000, 0x0000000100000000)
  region size 1024K, 6 young (6144K), 6 survivors (6144K)
 Metaspace       used 117723K, committed 120000K, reserved 1163264K
  class space    used 13095K, committed 14016K, reserved 1048576K
}

